Analysis & Synthesis report for mac
Fri Apr 26 09:46:05 2019
Quartus II Version 9.1 Build 350 03/24/2010 Service Pack 2 SJ Web Edition


---------------------
; Table of Contents ;
---------------------
  1. Legal Notice
  2. Analysis & Synthesis Summary
  3. Analysis & Synthesis Settings
  4. Parallel Compilation
  5. Analysis & Synthesis Source Files Read
  6. Analysis & Synthesis Resource Usage Summary
  7. Analysis & Synthesis Resource Utilization by Entity
  8. Analysis & Synthesis RAM Summary
  9. General Register Statistics
 10. Registers Packed Into Inferred Megafunctions
 11. Source assignments for altsyncram:r_port_num_rtl_0|altsyncram_pkl1:auto_generated
 12. Parameter Settings for User Entity Instance: Top-level Entity: |MAC_memory
 13. Parameter Settings for Inferred Entity Instance: altsyncram:r_port_num_rtl_0
 14. altsyncram Parameter Settings by Entity Instance
 15. Analysis & Synthesis Messages



----------------
; Legal Notice ;
----------------
Copyright (C) 1991-2010 Altera Corporation
Your use of Altera Corporation's design tools, logic functions 
and other software and tools, and its AMPP partner logic 
functions, and any output files from any of the foregoing 
(including device programming or simulation files), and any 
associated documentation or information are expressly subject 
to the terms and conditions of the Altera Program License 
Subscription Agreement, Altera MegaCore Function License 
Agreement, or other applicable license agreement, including, 
without limitation, that your use is for the sole purpose of 
programming logic devices manufactured by Altera and sold by 
Altera or its authorized distributors.  Please refer to the 
applicable agreement for further details.



+-----------------------------------------------------------------------------------+
; Analysis & Synthesis Summary                                                      ;
+------------------------------------+----------------------------------------------+
; Analysis & Synthesis Status        ; Successful - Fri Apr 26 09:46:05 2019        ;
; Quartus II Version                 ; 9.1 Build 350 03/24/2010 SP 2 SJ Web Edition ;
; Revision Name                      ; mac                                          ;
; Top-level Entity Name              ; MAC_memory                                   ;
; Family                             ; Cyclone III                                  ;
; Total logic elements               ; 74                                           ;
;     Total combinational functions  ; 31                                           ;
;     Dedicated logic registers      ; 55                                           ;
; Total registers                    ; 55                                           ;
; Total pins                         ; 17                                           ;
; Total virtual pins                 ; 0                                            ;
; Total memory bits                  ; 32,768                                       ;
; Embedded Multiplier 9-bit elements ; 0                                            ;
; Total PLLs                         ; 0                                            ;
+------------------------------------+----------------------------------------------+


+----------------------------------------------------------------------------------------------------------------------+
; Analysis & Synthesis Settings                                                                                        ;
+----------------------------------------------------------------------------+--------------------+--------------------+
; Option                                                                     ; Setting            ; Default Value      ;
+----------------------------------------------------------------------------+--------------------+--------------------+
; Device                                                                     ; EP3C5E144C7        ;                    ;
; Top-level entity name                                                      ; MAC_memory         ; mac                ;
; Family name                                                                ; Cyclone III        ; Stratix II         ;
; Use Generated Physical Constraints File                                    ; Off                ;                    ;
; Use smart compilation                                                      ; Off                ; Off                ;
; Enable parallel Assembler and TimeQuest Timing Analyzer during compilation ; On                 ; On                 ;
; Enable compact report table                                                ; Off                ; Off                ;
; Restructure Multiplexers                                                   ; Auto               ; Auto               ;
; Create Debugging Nodes for IP Cores                                        ; Off                ; Off                ;
; Preserve fewer node names                                                  ; On                 ; On                 ;
; Disable OpenCore Plus hardware evaluation                                  ; Off                ; Off                ;
; Verilog Version                                                            ; Verilog_2001       ; Verilog_2001       ;
; VHDL Version                                                               ; VHDL_1993          ; VHDL_1993          ;
; State Machine Processing                                                   ; Auto               ; Auto               ;
; Safe State Machine                                                         ; Off                ; Off                ;
; Extract Verilog State Machines                                             ; On                 ; On                 ;
; Extract VHDL State Machines                                                ; On                 ; On                 ;
; Ignore Verilog initial constructs                                          ; Off                ; Off                ;
; Iteration limit for constant Verilog loops                                 ; 5000               ; 5000               ;
; Iteration limit for non-constant Verilog loops                             ; 250                ; 250                ;
; Add Pass-Through Logic to Inferred RAMs                                    ; On                 ; On                 ;
; Parallel Synthesis                                                         ; On                 ; On                 ;
; DSP Block Balancing                                                        ; Auto               ; Auto               ;
; NOT Gate Push-Back                                                         ; On                 ; On                 ;
; Power-Up Don't Care                                                        ; On                 ; On                 ;
; Remove Redundant Logic Cells                                               ; Off                ; Off                ;
; Remove Duplicate Registers                                                 ; On                 ; On                 ;
; Ignore CARRY Buffers                                                       ; Off                ; Off                ;
; Ignore CASCADE Buffers                                                     ; Off                ; Off                ;
; Ignore GLOBAL Buffers                                                      ; Off                ; Off                ;
; Ignore ROW GLOBAL Buffers                                                  ; Off                ; Off                ;
; Ignore LCELL Buffers                                                       ; Off                ; Off                ;
; Ignore SOFT Buffers                                                        ; On                 ; On                 ;
; Limit AHDL Integers to 32 Bits                                             ; Off                ; Off                ;
; Optimization Technique                                                     ; Balanced           ; Balanced           ;
; Carry Chain Length                                                         ; 70                 ; 70                 ;
; Auto Carry Chains                                                          ; On                 ; On                 ;
; Auto Open-Drain Pins                                                       ; On                 ; On                 ;
; Perform WYSIWYG Primitive Resynthesis                                      ; Off                ; Off                ;
; Auto ROM Replacement                                                       ; On                 ; On                 ;
; Auto RAM Replacement                                                       ; On                 ; On                 ;
; Auto DSP Block Replacement                                                 ; On                 ; On                 ;
; Auto Shift Register Replacement                                            ; Auto               ; Auto               ;
; Auto Clock Enable Replacement                                              ; On                 ; On                 ;
; Strict RAM Replacement                                                     ; Off                ; Off                ;
; Allow Synchronous Control Signals                                          ; On                 ; On                 ;
; Force Use of Synchronous Clear Signals                                     ; Off                ; Off                ;
; Auto RAM Block Balancing                                                   ; On                 ; On                 ;
; Auto RAM to Logic Cell Conversion                                          ; Off                ; Off                ;
; Auto Resource Sharing                                                      ; Off                ; Off                ;
; Allow Any RAM Size For Recognition                                         ; Off                ; Off                ;
; Allow Any ROM Size For Recognition                                         ; Off                ; Off                ;
; Allow Any Shift Register Size For Recognition                              ; Off                ; Off                ;
; Use LogicLock Constraints during Resource Balancing                        ; On                 ; On                 ;
; Ignore translate_off and synthesis_off directives                          ; Off                ; Off                ;
; Timing-Driven Synthesis                                                    ; On                 ; On                 ;
; Show Parameter Settings Tables in Synthesis Report                         ; On                 ; On                 ;
; Ignore Maximum Fan-Out Assignments                                         ; Off                ; Off                ;
; Synchronization Register Chain Length                                      ; 2                  ; 2                  ;
; PowerPlay Power Optimization                                               ; Normal compilation ; Normal compilation ;
; HDL message level                                                          ; Level2             ; Level2             ;
; Suppress Register Optimization Related Messages                            ; Off                ; Off                ;
; Number of Removed Registers Reported in Synthesis Report                   ; 5000               ; 5000               ;
; Number of Inverted Registers Reported in Synthesis Report                  ; 100                ; 100                ;
; Clock MUX Protection                                                       ; On                 ; On                 ;
; Auto Gated Clock Conversion                                                ; Off                ; Off                ;
; Block Design Naming                                                        ; Auto               ; Auto               ;
; SDC constraint protection                                                  ; Off                ; Off                ;
; Synthesis Effort                                                           ; Auto               ; Auto               ;
; Shift Register Replacement - Allow Asynchronous Clear Signal               ; On                 ; On                 ;
; Analysis & Synthesis Message Level                                         ; Medium             ; Medium             ;
; Disable Register Merging Across Hierarchies                                ; Auto               ; Auto               ;
; Resource Aware Inference For Block RAM                                     ; On                 ; On                 ;
+----------------------------------------------------------------------------+--------------------+--------------------+


Parallel compilation was disabled, but you have multiple processors available. Enable parallel compilation to reduce compilation time.
+-------------------------------------+
; Parallel Compilation                ;
+----------------------------+--------+
; Processors                 ; Number ;
+----------------------------+--------+
; Number detected on machine ; 4      ;
; Maximum allowed            ; 1      ;
+----------------------------+--------+


+-----------------------------------------------------------------------------------------------------------------------------------------------------------------------------------------------------------------------+
; Analysis & Synthesis Source Files Read                                                                                                                                                                                ;
+-----------------------------------------+-----------------+-------------------------------------------------------+---------------------------------------------------------------------------------------------------+
; File Name with User-Entered Path        ; Used in Netlist ; File Type                                             ; File Name with Absolute Path                                                                      ;
+-----------------------------------------+-----------------+-------------------------------------------------------+---------------------------------------------------------------------------------------------------+
; MAC_memory.sv                           ; yes             ; User SystemVerilog HDL File                           ; C:/Users/QWr/Documents/GitHub/copy_mem_packet/MAC/quartus/MAC_memory.sv                           ;
; altsyncram.tdf                          ; yes             ; Megafunction                                          ; c:/altera/91sp2/quartus/libraries/megafunctions/altsyncram.tdf                                    ;
; db/altsyncram_pkl1.tdf                  ; yes             ; Auto-Generated Megafunction                           ; C:/Users/QWr/Documents/GitHub/copy_mem_packet/MAC/quartus/db/altsyncram_pkl1.tdf                  ;
; db/mac.ram0_MAC_memory_724ebb21.hdl.mif ; yes             ; Auto-Generated Auto-Found Memory Initialization File  ; C:/Users/QWr/Documents/GitHub/copy_mem_packet/MAC/quartus/db/mac.ram0_MAC_memory_724ebb21.hdl.mif ;
; db/decode_ara.tdf                       ; yes             ; Auto-Generated Megafunction                           ; C:/Users/QWr/Documents/GitHub/copy_mem_packet/MAC/quartus/db/decode_ara.tdf                       ;
; db/mux_klb.tdf                          ; yes             ; Auto-Generated Megafunction                           ; C:/Users/QWr/Documents/GitHub/copy_mem_packet/MAC/quartus/db/mux_klb.tdf                          ;
+-----------------------------------------+-----------------+-------------------------------------------------------+---------------------------------------------------------------------------------------------------+


+----------------------------------------------------------+
; Analysis & Synthesis Resource Usage Summary              ;
+---------------------------------------------+------------+
; Resource                                    ; Usage      ;
+---------------------------------------------+------------+
; Estimated Total logic elements              ; 74         ;
;                                             ;            ;
; Total combinational functions               ; 31         ;
; Logic element usage by number of LUT inputs ;            ;
;     -- 4 input functions                    ; 8          ;
;     -- 3 input functions                    ; 11         ;
;     -- <=2 input functions                  ; 12         ;
;                                             ;            ;
; Logic elements by mode                      ;            ;
;     -- normal mode                          ; 21         ;
;     -- arithmetic mode                      ; 10         ;
;                                             ;            ;
; Total registers                             ; 55         ;
;     -- Dedicated logic registers            ; 55         ;
;     -- I/O registers                        ; 0          ;
;                                             ;            ;
; I/O pins                                    ; 17         ;
; Total memory bits                           ; 32768      ;
; Maximum fan-out node                        ; iclk~input ;
; Maximum fan-out                             ; 59         ;
; Total fan-out                               ; 386        ;
; Average fan-out                             ; 3.11       ;
+---------------------------------------------+------------+


+---------------------------------------------------------------------------------------------------------------------------------------------------------------------------------------------------------------------------------------------------------------+
; Analysis & Synthesis Resource Utilization by Entity                                                                                                                                                                                                           ;
+----------------------------------------+-------------------+--------------+-------------+--------------+---------+-----------+------+--------------+-------------------------------------------------------------------------------------------+--------------+
; Compilation Hierarchy Node             ; LC Combinationals ; LC Registers ; Memory Bits ; DSP Elements ; DSP 9x9 ; DSP 18x18 ; Pins ; Virtual Pins ; Full Hierarchy Name                                                                       ; Library Name ;
+----------------------------------------+-------------------+--------------+-------------+--------------+---------+-----------+------+--------------+-------------------------------------------------------------------------------------------+--------------+
; |MAC_memory                            ; 31 (27)           ; 55 (54)      ; 32768       ; 0            ; 0       ; 0         ; 17   ; 0            ; |MAC_memory                                                                               ; work         ;
;    |altsyncram:r_port_num_rtl_0|       ; 4 (0)             ; 1 (0)        ; 32768       ; 0            ; 0       ; 0         ; 0    ; 0            ; |MAC_memory|altsyncram:r_port_num_rtl_0                                                   ;              ;
;       |altsyncram_pkl1:auto_generated| ; 4 (0)             ; 1 (1)        ; 32768       ; 0            ; 0       ; 0         ; 0    ; 0            ; |MAC_memory|altsyncram:r_port_num_rtl_0|altsyncram_pkl1:auto_generated                    ;              ;
;          |decode_ara:decode2|          ; 2 (2)             ; 0 (0)        ; 0           ; 0            ; 0       ; 0         ; 0    ; 0            ; |MAC_memory|altsyncram:r_port_num_rtl_0|altsyncram_pkl1:auto_generated|decode_ara:decode2 ;              ;
;          |mux_klb:mux3|                ; 2 (2)             ; 0 (0)        ; 0           ; 0            ; 0       ; 0         ; 0    ; 0            ; |MAC_memory|altsyncram:r_port_num_rtl_0|altsyncram_pkl1:auto_generated|mux_klb:mux3       ;              ;
+----------------------------------------+-------------------+--------------+-------------+--------------+---------+-----------+------+--------------+-------------------------------------------------------------------------------------------+--------------+
Note: For table entries with two numbers listed, the numbers in parentheses indicate the number of resources of the given type used by the specific entity alone. The numbers listed outside of parentheses indicate the total resources of the given type used by the specific entity and all of its sub-entities in the hierarchy.


+---------------------------------------------------------------------------------------------------------------------------------------------------------------------------------------------------------------+
; Analysis & Synthesis RAM Summary                                                                                                                                                                              ;
+-----------------------------------------------------------------------+------+------------------+--------------+--------------+--------------+--------------+-------+-----------------------------------------+
; Name                                                                  ; Type ; Mode             ; Port A Depth ; Port A Width ; Port B Depth ; Port B Width ; Size  ; MIF                                     ;
+-----------------------------------------------------------------------+------+------------------+--------------+--------------+--------------+--------------+-------+-----------------------------------------+
; altsyncram:r_port_num_rtl_0|altsyncram_pkl1:auto_generated|ALTSYNCRAM ; AUTO ; Simple Dual Port ; 16384        ; 2            ; 16384        ; 2            ; 32768 ; db/mac.ram0_MAC_memory_724ebb21.hdl.mif ;
+-----------------------------------------------------------------------+------+------------------+--------------+--------------+--------------+--------------+-------+-----------------------------------------+


+------------------------------------------------------+
; General Register Statistics                          ;
+----------------------------------------------+-------+
; Statistic                                    ; Value ;
+----------------------------------------------+-------+
; Total registers                              ; 55    ;
; Number of registers using Synchronous Clear  ; 11    ;
; Number of registers using Synchronous Load   ; 0     ;
; Number of registers using Asynchronous Clear ; 0     ;
; Number of registers using Asynchronous Load  ; 0     ;
; Number of registers using Clock Enable       ; 42    ;
; Number of registers using Preset             ; 0     ;
+----------------------------------------------+-------+


+----------------------------------------------+
; Registers Packed Into Inferred Megafunctions ;
+--------------------+--------------+----------+
; Register Name      ; Megafunction ; Type     ;
+--------------------+--------------+----------+
; o_port_num[0]~reg0 ; r_port_num~0 ; RAM      ;
; o_port_num[1]~reg0 ; r_port_num~0 ; RAM      ;
+--------------------+--------------+----------+


+-----------------------------------------------------------------------------------+
; Source assignments for altsyncram:r_port_num_rtl_0|altsyncram_pkl1:auto_generated ;
+---------------------------------+--------------------+------+---------------------+
; Assignment                      ; Value              ; From ; To                  ;
+---------------------------------+--------------------+------+---------------------+
; OPTIMIZE_POWER_DURING_SYNTHESIS ; NORMAL_COMPILATION ; -    ; -                   ;
+---------------------------------+--------------------+------+---------------------+


+----------------------------------------------------------------------------+
; Parameter Settings for User Entity Instance: Top-level Entity: |MAC_memory ;
+--------------------+-------+-----------------------------------------------+
; Parameter Name     ; Value ; Type                                          ;
+--------------------+-------+-----------------------------------------------+
; pADRESS            ; 2     ; Signed Integer                                ;
; pSLOTS             ; 16384 ; Signed Integer                                ;
; pDATA_WIDTH        ; 8     ; Signed Integer                                ;
; pTIME              ; 9     ; Signed Integer                                ;
; pMAX_PACKET_LENGHT ; 1536  ; Signed Integer                                ;
; pONE_SECOND        ; 32768 ; Signed Integer                                ;
+--------------------+-------+-----------------------------------------------+
Note: In order to hide this table in the UI and the text report file, please set the "Show Parameter Settings Tables in Synthesis Report" option in "Analysis and Synthesis Settings -> More Settings" to "Off".


+-----------------------------------------------------------------------------------------------+
; Parameter Settings for Inferred Entity Instance: altsyncram:r_port_num_rtl_0                  ;
+------------------------------------+-----------------------------------------+----------------+
; Parameter Name                     ; Value                                   ; Type           ;
+------------------------------------+-----------------------------------------+----------------+
; BYTE_SIZE_BLOCK                    ; 8                                       ; Untyped        ;
; AUTO_CARRY_CHAINS                  ; ON                                      ; AUTO_CARRY     ;
; IGNORE_CARRY_BUFFERS               ; OFF                                     ; IGNORE_CARRY   ;
; AUTO_CASCADE_CHAINS                ; ON                                      ; AUTO_CASCADE   ;
; IGNORE_CASCADE_BUFFERS             ; OFF                                     ; IGNORE_CASCADE ;
; WIDTH_BYTEENA                      ; 1                                       ; Untyped        ;
; OPERATION_MODE                     ; DUAL_PORT                               ; Untyped        ;
; WIDTH_A                            ; 2                                       ; Untyped        ;
; WIDTHAD_A                          ; 14                                      ; Untyped        ;
; NUMWORDS_A                         ; 16384                                   ; Untyped        ;
; OUTDATA_REG_A                      ; UNREGISTERED                            ; Untyped        ;
; ADDRESS_ACLR_A                     ; NONE                                    ; Untyped        ;
; OUTDATA_ACLR_A                     ; NONE                                    ; Untyped        ;
; WRCONTROL_ACLR_A                   ; NONE                                    ; Untyped        ;
; INDATA_ACLR_A                      ; NONE                                    ; Untyped        ;
; BYTEENA_ACLR_A                     ; NONE                                    ; Untyped        ;
; WIDTH_B                            ; 2                                       ; Untyped        ;
; WIDTHAD_B                          ; 14                                      ; Untyped        ;
; NUMWORDS_B                         ; 16384                                   ; Untyped        ;
; INDATA_REG_B                       ; CLOCK1                                  ; Untyped        ;
; WRCONTROL_WRADDRESS_REG_B          ; CLOCK1                                  ; Untyped        ;
; RDCONTROL_REG_B                    ; CLOCK1                                  ; Untyped        ;
; ADDRESS_REG_B                      ; CLOCK0                                  ; Untyped        ;
; OUTDATA_REG_B                      ; UNREGISTERED                            ; Untyped        ;
; BYTEENA_REG_B                      ; CLOCK1                                  ; Untyped        ;
; INDATA_ACLR_B                      ; NONE                                    ; Untyped        ;
; WRCONTROL_ACLR_B                   ; NONE                                    ; Untyped        ;
; ADDRESS_ACLR_B                     ; NONE                                    ; Untyped        ;
; OUTDATA_ACLR_B                     ; NONE                                    ; Untyped        ;
; RDCONTROL_ACLR_B                   ; NONE                                    ; Untyped        ;
; BYTEENA_ACLR_B                     ; NONE                                    ; Untyped        ;
; WIDTH_BYTEENA_A                    ; 1                                       ; Untyped        ;
; WIDTH_BYTEENA_B                    ; 1                                       ; Untyped        ;
; RAM_BLOCK_TYPE                     ; AUTO                                    ; Untyped        ;
; BYTE_SIZE                          ; 8                                       ; Untyped        ;
; READ_DURING_WRITE_MODE_MIXED_PORTS ; OLD_DATA                                ; Untyped        ;
; READ_DURING_WRITE_MODE_PORT_A      ; NEW_DATA_NO_NBE_READ                    ; Untyped        ;
; READ_DURING_WRITE_MODE_PORT_B      ; NEW_DATA_NO_NBE_READ                    ; Untyped        ;
; INIT_FILE                          ; db/mac.ram0_MAC_memory_724ebb21.hdl.mif ; Untyped        ;
; INIT_FILE_LAYOUT                   ; PORT_A                                  ; Untyped        ;
; MAXIMUM_DEPTH                      ; 0                                       ; Untyped        ;
; CLOCK_ENABLE_INPUT_A               ; NORMAL                                  ; Untyped        ;
; CLOCK_ENABLE_INPUT_B               ; NORMAL                                  ; Untyped        ;
; CLOCK_ENABLE_OUTPUT_A              ; NORMAL                                  ; Untyped        ;
; CLOCK_ENABLE_OUTPUT_B              ; NORMAL                                  ; Untyped        ;
; CLOCK_ENABLE_CORE_A                ; USE_INPUT_CLKEN                         ; Untyped        ;
; CLOCK_ENABLE_CORE_B                ; USE_INPUT_CLKEN                         ; Untyped        ;
; ENABLE_ECC                         ; FALSE                                   ; Untyped        ;
; DEVICE_FAMILY                      ; Cyclone III                             ; Untyped        ;
; CBXI_PARAMETER                     ; altsyncram_pkl1                         ; Untyped        ;
+------------------------------------+-----------------------------------------+----------------+
Note: In order to hide this table in the UI and the text report file, please set the "Show Parameter Settings Tables in Synthesis Report" option in "Analysis and Synthesis Settings -> More Settings" to "Off".


+-------------------------------------------------------------------------+
; altsyncram Parameter Settings by Entity Instance                        ;
+-------------------------------------------+-----------------------------+
; Name                                      ; Value                       ;
+-------------------------------------------+-----------------------------+
; Number of entity instances                ; 1                           ;
; Entity Instance                           ; altsyncram:r_port_num_rtl_0 ;
;     -- OPERATION_MODE                     ; DUAL_PORT                   ;
;     -- WIDTH_A                            ; 2                           ;
;     -- NUMWORDS_A                         ; 16384                       ;
;     -- OUTDATA_REG_A                      ; UNREGISTERED                ;
;     -- WIDTH_B                            ; 2                           ;
;     -- NUMWORDS_B                         ; 16384                       ;
;     -- ADDRESS_REG_B                      ; CLOCK0                      ;
;     -- OUTDATA_REG_B                      ; UNREGISTERED                ;
;     -- RAM_BLOCK_TYPE                     ; AUTO                        ;
;     -- READ_DURING_WRITE_MODE_MIXED_PORTS ; OLD_DATA                    ;
+-------------------------------------------+-----------------------------+


+-------------------------------+
; Analysis & Synthesis Messages ;
+-------------------------------+
Info: *******************************************************************
Info: Running Quartus II Analysis & Synthesis
    Info: Version 9.1 Build 350 03/24/2010 Service Pack 2 SJ Web Edition
    Info: Processing started: Fri Apr 26 09:45:56 2019
Info: Command: quartus_map --read_settings_files=on --write_settings_files=off mac -c mac
Warning (10229): Verilog HDL Expression warning at MAC_memory.sv(35): truncated literal to match 15 bits
Info: Found 1 design units, including 1 entities, in source file mac_memory.sv
    Info: Found entity 1: MAC_memory
Info: Elaborating entity "MAC_memory" for the top level hierarchy
Warning (10230): Verilog HDL assignment warning at MAC_memory.sv(37): truncated value with size 32 to match size of target (15)
Warning (10230): Verilog HDL assignment warning at MAC_memory.sv(43): truncated value with size 32 to match size of target (11)
Warning (10230): Verilog HDL assignment warning at MAC_memory.sv(66): truncated value with size 32 to match size of target (14)
Warning (10230): Verilog HDL assignment warning at MAC_memory.sv(67): truncated value with size 32 to match size of target (9)
Warning: Timing-Driven Synthesis is skipped because the Classic Timing Analyzer is turned on
Info: Inferred 1 megafunctions from design logic
    Info: Inferred altsyncram megafunction from the following design logic: "r_port_num~0" 
        Info: Parameter OPERATION_MODE set to DUAL_PORT
        Info: Parameter WIDTH_A set to 2
        Info: Parameter WIDTHAD_A set to 14
        Info: Parameter NUMWORDS_A set to 16384
        Info: Parameter WIDTH_B set to 2
        Info: Parameter WIDTHAD_B set to 14
        Info: Parameter NUMWORDS_B set to 16384
        Info: Parameter ADDRESS_ACLR_A set to NONE
        Info: Parameter OUTDATA_REG_B set to UNREGISTERED
        Info: Parameter ADDRESS_ACLR_B set to NONE
        Info: Parameter OUTDATA_ACLR_B set to NONE
        Info: Parameter ADDRESS_REG_B set to CLOCK0
        Info: Parameter INDATA_ACLR_A set to NONE
        Info: Parameter WRCONTROL_ACLR_A set to NONE
        Info: Parameter INIT_FILE set to db/mac.ram0_MAC_memory_724ebb21.hdl.mif
        Info: Parameter READ_DURING_WRITE_MODE_MIXED_PORTS set to OLD_DATA
Info: Elaborated megafunction instantiation "altsyncram:r_port_num_rtl_0"
Info: Instantiated megafunction "altsyncram:r_port_num_rtl_0" with the following parameter:
    Info: Parameter "OPERATION_MODE" = "DUAL_PORT"
    Info: Parameter "WIDTH_A" = "2"
    Info: Parameter "WIDTHAD_A" = "14"
    Info: Parameter "NUMWORDS_A" = "16384"
    Info: Parameter "WIDTH_B" = "2"
    Info: Parameter "WIDTHAD_B" = "14"
    Info: Parameter "NUMWORDS_B" = "16384"
    Info: Parameter "ADDRESS_ACLR_A" = "NONE"
    Info: Parameter "OUTDATA_REG_B" = "UNREGISTERED"
    Info: Parameter "ADDRESS_ACLR_B" = "NONE"
    Info: Parameter "OUTDATA_ACLR_B" = "NONE"
    Info: Parameter "ADDRESS_REG_B" = "CLOCK0"
    Info: Parameter "INDATA_ACLR_A" = "NONE"
    Info: Parameter "WRCONTROL_ACLR_A" = "NONE"
    Info: Parameter "INIT_FILE" = "db/mac.ram0_MAC_memory_724ebb21.hdl.mif"
    Info: Parameter "READ_DURING_WRITE_MODE_MIXED_PORTS" = "OLD_DATA"
Info: Found 1 design units, including 1 entities, in source file db/altsyncram_pkl1.tdf
    Info: Found entity 1: altsyncram_pkl1
Info: Found 1 design units, including 1 entities, in source file db/decode_ara.tdf
    Info: Found entity 1: decode_ara
Info: Found 1 design units, including 1 entities, in source file db/mux_klb.tdf
    Info: Found entity 1: mux_klb
Warning: Design contains 1 input pin(s) that do not drive logic
    Warning (15610): No output dependent on input pin "i_dv"
Info: Implemented 95 device resources after synthesis - the final resource count might be different
    Info: Implemented 15 input pins
    Info: Implemented 2 output pins
    Info: Implemented 74 logic cells
    Info: Implemented 4 RAM segments
Info: Quartus II Analysis & Synthesis was successful. 0 errors, 8 warnings
    Info: Peak virtual memory: 262 megabytes
    Info: Processing ended: Fri Apr 26 09:46:06 2019
    Info: Elapsed time: 00:00:10
    Info: Total CPU time (on all processors): 00:00:06


